<?xml version="1.0" encoding="UTF-8"?>
<!-- Generated by org.testng.reporters.JUnitReportReporter -->
<testsuite hostname="YASHAWANTH" failures="0" tests="4" name="All12TCusingTestNGIMplementation.CreteOrgTestPOMusingTestNGimple" time="105.411" errors="0" timestamp="2024-11-05T18:36:47 IST" skipped="0">
  <testcase classname="All12TCusingTestNGIMplementation.CreteOrgTestPOMusingTestNGimple" name="CreateOrg" time="29.128"/>
  <system-out/>
  <testcase classname="All12TCusingTestNGIMplementation.CreteOrgTestPOMusingTestNGimple" name="DeleteOrganizationTestPom" time="33.268"/>
  <system-out/>
  <testcase classname="All12TCusingTestNGIMplementation.CreteOrgTestPOMusingTestNGimple" name="CreateORGwithPHoneNUm" time="17.963"/>
  <system-out/>
  <testcase classname="All12TCusingTestNGIMplementation.CreteOrgTestPOMusingTestNGimple" name="CreateOrganizationwithIndustryTestpom" time="25.052"/>
  <system-out/>
</testsuite> <!-- All12TCusingTestNGIMplementation.CreteOrgTestPOMusingTestNGimple -->
